<?xml version="1.0" encoding="UTF-8"?>
<!-- Generated by org.testng.reporters.JUnitReportReporter -->
<testsuite hostname="Komals-MacBook-Pro.local" name="tests.amazonTest.AmazonTest" tests="1" failures="0" timestamp="15 Mar 2018 21:05:17 GMT" time="23.904" errors="0">
  <testcase name="groupSetup" time="23.904" classname="tests.amazonTest.AmazonTest"/>
</testsuite> <!-- tests.amazonTest.AmazonTest -->
